<?xml version="1.0" encoding="UTF-8"?>
<testng-results ignored="0" total="1" passed="1" failed="0" skipped="0">
  <reporter-output>
  </reporter-output>
  <suite started-at="2023-03-06T16:15:19Z" name="Default suite" finished-at="2023-03-06T16:15:20Z" duration-ms="891">
    <groups>
    </groups>
    <test started-at="2023-03-06T16:15:19Z" name="Default test" finished-at="2023-03-06T16:15:20Z" duration-ms="891">
      <class name="com.jbk.DemoTest">
        <test-method signature="test()[pri:0, instance:com.jbk.DemoTest@68034211]" started-at="2023-03-06T16:15:19Z" name="test" finished-at="2023-03-06T16:15:20Z" duration-ms="843" status="PASS">
          <reporter-output>
          </reporter-output>
        </test-method> <!-- test -->
      </class> <!-- com.jbk.DemoTest -->
    </test> <!-- Default test -->
  </suite> <!-- Default suite -->
</testng-results>
